<?xml version="1.0" encoding="UTF-8"?>
<!-- Generated by org.testng.reporters.JUnitXMLReporter -->
<testsuite ignored="2" hostname="MCKL-7604-T" failures="0" tests="2" name="CLMS Login for Trigger" time="45.711" errors="0" timestamp="2023-04-28T12:06:16 IST">
  <testcase classname="testSuite.loginTest" name="loginTest" time="0.699"/>
  <testcase classname="testSuite.TC_01_Communication_Search" name="CommunicationSearchTestExecution" time="44.915"/>
  <testcase classname="commonfunctions.commonFunctions" name="@AfterSuite quitBrowser" time="0.0">
    <ignored/>
  </testcase> <!-- @AfterSuite quitBrowser -->
  <testcase classname="commonfunctions.commonFunctions" name="@BeforeSuite LaunchBrowser" time="0.0">
    <ignored/>
  </testcase> <!-- @BeforeSuite LaunchBrowser -->
</testsuite> <!-- CLMS Login for Trigger -->
