<?xml version="1.0" encoding="UTF-8"?>
<testng-results ignored="2" total="4" passed="2" failed="0" skipped="0">
  <reporter-output>
  </reporter-output>
  <suite started-at="2023-04-28T12:05:31 IST" name="CLMS Communication testing suite" finished-at="2023-04-28T12:06:16 IST" duration-ms="45711">
    <groups>
    </groups>
    <test started-at="2023-04-28T12:05:31 IST" name="CLMS Login for Trigger" finished-at="2023-04-28T12:06:16 IST" duration-ms="45711">
      <class name="testSuite.TC_01_Communication_Search">
        <test-method signature="CommunicationSearchTestExecution()[pri:0, instance:testSuite.TC_01_Communication_Search@7f485fda]" started-at="2023-04-28T12:05:31 IST" name="CommunicationSearchTestExecution" finished-at="2023-04-28T12:06:16 IST" duration-ms="44915" status="PASS">
          <reporter-output>
          </reporter-output>
        </test-method> <!-- CommunicationSearchTestExecution -->
      </class> <!-- testSuite.TC_01_Communication_Search -->
      <class name="testSuite.loginTest">
        <test-method is-config="true" signature="LaunchBrowser()[pri:0, instance:testSuite.loginTest@1c5920df]" started-at="2023-04-28T12:05:10 IST" name="LaunchBrowser" finished-at="2023-04-28T12:05:31 IST" duration-ms="20297" status="PASS">
          <reporter-output>
          </reporter-output>
        </test-method> <!-- LaunchBrowser -->
        <test-method signature="loginTest()[pri:0, instance:testSuite.loginTest@1c5920df]" started-at="2023-04-28T12:05:31 IST" name="loginTest" finished-at="2023-04-28T12:05:31 IST" duration-ms="699" status="PASS">
          <reporter-output>
          </reporter-output>
        </test-method> <!-- loginTest -->
        <test-method is-config="true" signature="quitBrowser()[pri:0, instance:testSuite.loginTest@1c5920df]" started-at="2023-04-28T12:06:17 IST" name="quitBrowser" finished-at="2023-04-28T12:06:17 IST" duration-ms="2" status="PASS">
          <reporter-output>
          </reporter-output>
        </test-method> <!-- quitBrowser -->
      </class> <!-- testSuite.loginTest -->
    </test> <!-- CLMS Login for Trigger -->
  </suite> <!-- CLMS Communication testing suite -->
</testng-results>
